<?xml version="1.0" encoding="UTF-8"?>
<testsuite xmlns:xsi="http://www.w3.org/2001/XMLSchema-instance" xsi:noNamespaceSchemaLocation="https://maven.apache.org/surefire/maven-surefire-plugin/xsd/surefire-test-report.xsd" name="de.api.test.TestRestApiController" time="4.397" tests="3" errors="0" skipped="0" failures="0">
  <properties>
[...]
</properties>
  <testcase name="testgetChildMealDetails" classname="de.api.test.TestRestApiController" time="1.431"/>
  <testcase name="testgetChildColorDetails" classname="de.api.test.TestRestApiController" time="0.212"/>
  <testcase name="testgetHouseDetails" classname="de.api.test.TestRestApiController" time="0.196"/>
</testsuite>